<?xml version="1.0" encoding="UTF-8"?>
<!-- Generated by org.testng.reporters.JUnitReportReporter -->
<testsuite skipped="0" hostname="DESKTOP-23PI1L3" name="RestAssuredAPI.GETapi" tests="1" failures="0" timestamp="2019-08-27T20:41:56 EDT" time="2.135" errors="0">
  <testcase name="successscenario" time="2.135" classname="RestAssuredAPI.GETapi"/>
</testsuite> <!-- RestAssuredAPI.GETapi -->
